Warning[205] E:\JORGE\PROG_PIC_NUEVOS\GENERANDO_SONIDO\BANK.INC 4 : Found directive in column 1. (Endm)
Warning[205] E:\JORGE\PROG_PIC_NUEVOS\GENERANDO_SONIDO\BANK.INC 7 : Found directive in column 1. (Endm)
Warning[207] E:\JORGE\PROG_PIC_NUEVOS\GENERANDO_SONIDO\WAIT.INC 8 : Found label after column 1. (WAIT)
Warning[207] E:\JORGE\PROG_PIC_NUEVOS\GENERANDO_SONIDO\WAIT.INC 14 : Found label after column 1. (WAITX)
Warning[207] E:\JORGE\PROG_PIC_NUEVOS\GENERANDO_SONIDO\WAIT.INC 24 : Found label after column 1. (WAITstd)
Warning[207] E:\JORGE\PROG_PIC_NUEVOS\GENERANDO_SONIDO\WAIT.INC 29 : Found label after column 1. (WAIT_x)
Warning[203] E:\JORGE\PROG_PIC_NUEVOS\GENERANDO_SONIDO\BANK.INC 6 : Found opcode in column 1. (Bsf)
Message[302] E:\JORGE\PROG_PIC_NUEVOS\GENERANDO_SONIDO\WAIT.INC 32 : Register in operand not in bank 0.  Ensure that bank bits are correct.
Warning[203] E:\JORGE\PROG_PIC_NUEVOS\GENERANDO_SONIDO\BANK.INC 3 : Found opcode in column 1. (Bcf)
Warning[207] E:\JORGE\PROG_PIC_NUEVOS\GENERANDO_SONIDO\WAIT.INC 35 : Found label after column 1. (WAITa)
Error[113]   E:\JORGE\PROG_PIC_NUEVOS\GENERANDO_SONIDO\WAIT.INC 36 : Symbol not previously defined (TOIF)
Warning[207] E:\JORGE\PROG_PIC_NUEVOS\GENERANDO_SONIDO\WAIT.INC 37 : Found label after column 1. (WAITb)
Error[113]   E:\JORGE\PROG_PIC_NUEVOS\GENERANDO_SONIDO\WAIT.INC 38 : Symbol not previously defined (TOIF)
Warning[207] E:\JORGE\PROG_PIC_NUEVOS\GENERANDO_SONIDO\BEEP.INC 7 : Found label after column 1. (BEEP)
Warning[207] E:\JORGE\PROG_PIC_NUEVOS\GENERANDO_SONIDO\BEEP.INC 14 : Found label after column 1. (BEEPinit)
Warning[207] E:\JORGE\PROG_PIC_NUEVOS\GENERANDO_SONIDO\BEEP.INC 23 : Found label after column 1. (BEEPsub)
Message[302] E:\JORGE\PROG_PIC_NUEVOS\GENERANDO_SONIDO\BEEP.INC 28 : Register in operand not in bank 0.  Ensure that bank bits are correct.
Warning[203] E:\JORGE\PROG_PIC_NUEVOS\GENERANDO_SONIDO\BANK.INC 3 : Found opcode in column 1. (Bcf)
Warning[207] E:\JORGE\PROG_PIC_NUEVOS\GENERANDO_SONIDO\BEEP.INC 31 : Found label after column 1. (BEEPa)
Error[113]   E:\JORGE\PROG_PIC_NUEVOS\GENERANDO_SONIDO\BEEP.INC 32 : Symbol not previously defined (TOIF)
Warning[207] E:\JORGE\PROG_PIC_NUEVOS\GENERANDO_SONIDO\BEEP.INC 33 : Found label after column 1. (BEEPb)
Warning[207] E:\JORGE\PROG_PIC_NUEVOS\GENERANDO_SONIDO\BEEP.INC 44 : Found label after column 1. (B_Wait)
Warning[207] E:\JORGE\PROG_PIC_NUEVOS\GENERANDO_SONIDO\BEEP.INC 47 : Found label after column 1. (B_Waita)
Warning[203] E:\JORGE\PROG_PIC_NUEVOS\GENERANDO_SONIDO\BANK.INC 6 : Found opcode in column 1. (Bsf)
Message[302] E:\JORGE\PROG_PIC_NUEVOS\GENERANDO_SONIDO\BEEP.ASM 35 : Register in operand not in bank 0.  Ensure that bank bits are correct.
Message[302] E:\JORGE\PROG_PIC_NUEVOS\GENERANDO_SONIDO\BEEP.ASM 36 : Register in operand not in bank 0.  Ensure that bank bits are correct.
Warning[203] E:\JORGE\PROG_PIC_NUEVOS\GENERANDO_SONIDO\BANK.INC 3 : Found opcode in column 1. (Bcf)
Warning[203] E:\JORGE\PROG_PIC_NUEVOS\GENERANDO_SONIDO\BANK.INC 6 : Found opcode in column 1. (Bsf)
Message[302] E:\JORGE\PROG_PIC_NUEVOS\GENERANDO_SONIDO\BEEP.INC 17 : Register in operand not in bank 0.  Ensure that bank bits are correct.
Warning[203] E:\JORGE\PROG_PIC_NUEVOS\GENERANDO_SONIDO\BANK.INC 3 : Found opcode in column 1. (Bcf)
Warning[207] E:\JORGE\PROG_PIC_NUEVOS\GENERANDO_SONIDO\BUTTON.INC 13 : Found label after column 1. (Loop)
Warning[207] E:\JORGE\PROG_PIC_NUEVOS\GENERANDO_SONIDO\BUTTON.INC 23 : Found label after column 1. (Exit)
Warning[207] E:\JORGE\PROG_PIC_NUEVOS\GENERANDO_SONIDO\BUTTON.INC 13 : Found label after column 1. (Loop)
Warning[207] E:\JORGE\PROG_PIC_NUEVOS\GENERANDO_SONIDO\BUTTON.INC 23 : Found label after column 1. (Exit)
