MPASM  5.33                 SE헤L_ENTRADA.ASM   10-18-2009  9:45:35         PAGE  1


LOC  OBJECT CODE     LINE SOURCE TEXT
  VALUE

                      00001 
                      00002         
                      00003         LIST    P=16F84A
                      00004         INCLUDE "P16F84A.INC"
                      00001         LIST
                      00002 ; P16F84A.INC  Standard Header File, Version 2.00    Microchip Technology, Inc.
                      00134         LIST
                      00005 
                      00006 ;---------MAPA DE MEMORIA-------
                      00007 
                      00008         CBLOCK  0X0C
                      00009 
  0000000C            00010         CONT
                      00011 
                      00012         ENDC
                      00013 
                      00014 ;-------CONFIGURACION DE PUERTOS---
                      00015 
0000                  00016 RESET   ORG     0X00                    ;INDICA DONDE SE ESCRIBE LA SIGUIENTE INSTRUCCION
0000   2805           00017                 GOTO    INICIO          ;SALTA A INICIO
0005                  00018                 ORG     0X05
0005   1683           00019 INICIO  BSF             STATUS,RP0      ;SALTO AL BANCO 1
0006   3002           00020                 MOVLW   0X02            ;CARGA W CON 00000010
Message[302]: Register in operand not in bank 0.  Ensure that bank bits are correct.
0007   0085           00021                 MOVWF   TRISA           ;AHORA  RA1 ES ENTRADA
Message[302]: Register in operand not in bank 0.  Ensure that bank bits are correct.
0008   0186           00022                 CLRF    TRISB           ;Y PORTB ES SALIDA
0009   1283           00023                 BCF             STATUS,RP0      ;REGRESA AL BANCO 0
                      00024 
                      00025 ;------------------------------------------------
                      00026 
000A   0186           00027         CLRF    PORTB                   ;LIMPIO DEL PUERTO B
000B   018C           00028         CLRF    CONT                    ;LIMPIO EL CONTADOR
000C   140C           00029         BSF             CONT,0                  ;PONGO EL CONTADOR  A UNO
                      00030 
                      00031 ;.----------------TEST----------------
                      00032 
000D   1885           00033 TEST    BTFSC   PORTA,1         ;SI ALGUIEN PRESIONA VOY 
000E   2010           00034                 CALL    LED                     ;A LA ETIQUETA LED
000F   280D           00035                 GOTO    TEST            ;SINO SIGUE ESPERANDO
                      00036 
0010   180C           00037 LED             BTFSC   CONT,0          ;SI EL CONTADOR ESTA A UNO 
0011   2815           00038                 GOTO    ON_LED          ;LO ATIENDE EN ON LED
0012   1006           00039                 BCF             PORTB,0         ;SINO APAGO EL LED
0013   140C           00040                 BSF             CONT,0          ;PONGO EL CONTADOR A 1
0014   2817           00041                 GOTO    LIBRE           ;Y ESPERO QUE SUELTEN EL PULSADOR
                      00042 
0015   1406           00043 ON_LED  BSF             PORTB,0         ;ENCIENDO EL LED
0016   018C           00044                 CLRF    CONT            ;PONGO EL CONTADORE A 0
                      00045 
0017   1885           00046 LIBRE   BTFSC   PORTA,1         ;SINO SUELTAN EL PULSADOR ME QUEDARE ESPERANDO
0018   2817           00047                 GOTO    LIBRE
                      00048 
MPASM  5.33                 SE헤L_ENTRADA.ASM   10-18-2009  9:45:35         PAGE  2


LOC  OBJECT CODE     LINE SOURCE TEXT
  VALUE

0019   0008           00049                 RETURN
                      00050 
                      00051 ;---------SE ACABO-----------------
                      00052 
                      00053         END
MPASM  5.33                 SE헤L_ENTRADA.ASM   10-18-2009  9:45:35         PAGE  3


SYMBOL TABLE
  LABEL                             VALUE 

C                                 00000000
CONT                              0000000C
DC                                00000001
EEADR                             00000009
EECON1                            00000088
EECON2                            00000089
EEDATA                            00000008
EEIE                              00000006
EEIF                              00000004
F                                 00000001
FSR                               00000004
GIE                               00000007
INDF                              00000000
INICIO                            00000005
INTCON                            0000000B
INTE                              00000004
INTEDG                            00000006
INTF                              00000001
IRP                               00000007
LED                               00000010
LIBRE                             00000017
NOT_PD                            00000003
NOT_RBPU                          00000007
NOT_TO                            00000004
ON_LED                            00000015
OPTION_REG                        00000081
PCL                               00000002
PCLATH                            0000000A
PORTA                             00000005
PORTB                             00000006
PS0                               00000000
PS1                               00000001
PS2                               00000002
PSA                               00000003
RBIE                              00000003
RBIF                              00000000
RD                                00000000
RESET                             00000000
RP0                               00000005
RP1                               00000006
STATUS                            00000003
T0CS                              00000005
T0IE                              00000005
T0IF                              00000002
T0SE                              00000004
TEST                              0000000D
TMR0                              00000001
TRISA                             00000085
TRISB                             00000086
W                                 00000000
WR                                00000001
WREN                              00000002
WRERR                             00000003
MPASM  5.33                 SE헤L_ENTRADA.ASM   10-18-2009  9:45:35         PAGE  4


SYMBOL TABLE
  LABEL                             VALUE 

Z                                 00000002
_CP_OFF                           00003FFF
_CP_ON                            0000000F
_HS_OSC                           00003FFE
_LP_OSC                           00003FFC
_PWRTE_OFF                        00003FFF
_PWRTE_ON                         00003FF7
_RC_OSC                           00003FFF
_WDT_OFF                          00003FFB
_WDT_ON                           00003FFF
_XT_OSC                           00003FFD
__16F84A                          00000001
__DEBUG                           1


MEMORY USAGE MAP ('X' = Used,  '-' = Unused)

0000 : X----XXXXXXXXXXX XXXXXXXXXX------ ---------------- ----------------

All other memory blocks unused.

Program Memory Words Used:    22
Program Memory Words Free:  1002


Errors   :     0
Warnings :     0 reported,     0 suppressed
Messages :     2 reported,     0 suppressed

