MPASM  5.33                           LCD.ASM   11-5-2009  7:05:03         PAGE  1


LOC  OBJECT CODE     LINE SOURCE TEXT
  VALUE

                      00001 ;==================== Encabezado ====================
                      00002 
                      00003                 LIST    P=16F84A
                      00004                 INCLUDE "P16F84A.INC"
                      00001         LIST
                      00002 ; P16F84A.INC  Standard Header File, Version 2.00    Microchip Technology, Inc.
                      00134         LIST
                      00005 
                      00006 ;================= Mapa de Memoria ===================
                      00007 
Warning[207]: Found label after column 1. (Digito)
  0000000C            00008         Digito  EQU     0X0C
Warning[207]: Found label after column 1. (DATO_A)
  0000000D            00009         DATO_A  EQU     0X0D
Warning[207]: Found label after column 1. (DATO_B)
  0000000E            00010         DATO_B  EQU     0X0E
Warning[207]: Found label after column 1. (PDel0)
  0000000F            00011         PDel0   EQU     0X0F
Warning[207]: Found label after column 1. (PDel1)
  00000010            00012         PDel1   EQU     0X10
Warning[207]: Found label after column 1. (PDel2)
  00000011            00013         PDel2   EQU     0X11            
Warning[207]: Found label after column 1. (RA)
  00000005            00014         RA      EQU     PORTA
Warning[207]: Found label after column 1. (RB)
  00000006            00015         RB      EQU     PORTB
                      00016 
                      00017 ;<<<<<<----------------- INICIO PROGRAMA PRINCIPAL ------------------->>>>>>>
                      00018 
0000   018C           00019 INICIO      CLRF         Digito             ;Pone a 0 la variable digito 
0001   2062           00020                CALL         LCD_PORT    ;Puertos en modo LCD 
0002   1005           00021                BCF           RA,0              ;Desactiva RS del modulo LCD
0003   1105           00022                BCF           RA,2              ;Desactiva E del modulo LCD 
0004   2058           00023 START    CALL        LCD_INI          ;Inicia LCD (CFG puertos...) 
0005   3001           00024                MOVLW    b'00000001'   ;Borrar LCD y Home 
0006   204F           00025                CALL        LCD_REG 
0007   3006           00026                MOVLW    b'00000110'  
0008   204F           00027                CALL        LCD_REG 
0009   300C           00028                MOVLW    b'00001100'   ;LCD On, cursor Off,Parpadeo Off 
000A   204F           00029                CALL        LCD_REG 
000B   3080           00030                MOVLW   0x80               ;Direccion caracter
000C   204F           00031                CALL        LCD_REG 
                      00032 
000D   080C           00033 REPETIR  MOVF      Digito,w          ;W=Digito
000E   201A           00034                CALL       DATO_1          ;Coge el caracter 
000F   3800           00035                IORLW     0                      ;Compara 
0010   1903           00036                BTFSC     STATUS,2       ;Es el ultimo? 
0011   2815           00037                GOTO      acabar            ;Si 
0012   2053           00038                CALL       LCD_DATOS   ;Visualiza caracter 
0013   0A8C           00039                INCF        Digito,f             ;Incrementa numero de Digito
0014   280D           00040                GOTO     REPETIR           ;Vuelve a escribir
                      00041 
0015   0000           00042 acabar   nop
MPASM  5.33                           LCD.ASM   11-5-2009  7:05:03         PAGE  2


LOC  OBJECT CODE     LINE SOURCE TEXT
  VALUE

                      00043         
0016   202C           00044                            CALL         PDelay
0017   3018           00045                MOVLW    b'00011000'  
0018   204F           00046                CALL        LCD_REG 
                      00047 
0019   2815           00048               goto        acabar              ;Buclee infinito
                      00049 
                      00050 
                      00051 ;<<<<<<---------------------- TABLA DE DATOS ------------------------->>>>>>> 
                      00052 
001A   0782           00053 DATO_1          ADDWF   PCL,1                  
001B   3448           00054                 RETLW   'H'             
001C   344F           00055                 RETLW   'O'
001D   344C           00056                 RETLW   'L'           
001E   3441           00057                 RETLW   'A'           
001F   345F           00058                 RETLW   '_'           
0020   344C           00059                 RETLW   'L'           
0021   344F           00060                 RETLW   'O'           
0022   3442           00061                 RETLW   'B'           
0023   344F           00062                 RETLW   'O'           
0024   345F           00063                 RETLW   '_' 
0025   3446           00064                 RETLW   'F'           
0026   3445           00065                 RETLW   'E'           
0027   3452           00066                 RETLW   'R'           
0028   344F           00067                 RETLW   'O'           
0029   345A           00068                 RETLW   'Z'     
002A   343A           00069                         RETLW   ':'
                      00070 
002B   3400           00071                 RETLW   0x00           
                      00072  
                      00073 ;-------------------------------------------------------------
                      00074 ; Code generated by PDEL  ver 1.0  on 05/11/2009 at 07:04:14 a.m.
                      00075 ; Description: Waits 1000000 cycles
                      00076 ;-------------------------------------------------------------
002C   300E           00077 PDelay  movlw     .14       ; 1 set number of repetitions (C)
002D   008F           00078         movwf     PDel0     ; 1 |
002E   3048           00079 PLoop0  movlw     .72       ; 1 set number of repetitions (B)
002F   0090           00080         movwf     PDel1     ; 1 |
0030   30F7           00081 PLoop1  movlw     .247      ; 1 set number of repetitions (A)
0031   0091           00082         movwf     PDel2     ; 1 |
0032   0064           00083 PLoop2  clrwdt              ; 1 clear watchdog
0033   0B91           00084         decfsz    PDel2, 1  ; 1 + (1) is the time over? (A)
0034   2832           00085         goto      PLoop2    ; 2 no, loop
0035   0B90           00086         decfsz    PDel1,  1 ; 1 + (1) is the time over? (B)
0036   2830           00087         goto      PLoop1    ; 2 no, loop
0037   0B8F           00088         decfsz    PDel0,  1 ; 1 + (1) is the time over? (C)
0038   282E           00089         goto      PLoop0    ; 2 no, loop
0039   283A           00090 PDelL1  goto PDelL2         ; 2 cycles delay
003A   0064           00091 PDelL2  clrwdt              ; 1 cycle delay
003B   0008           00092         return              ; 2+2 Done
                      00093 ;-------------------------------------------------------------
                      00094 
                      00095                 INCLUDE         "LCD.LIB"
MPASM  5.33                           LCD.ASM   11-5-2009  7:05:03         PAGE  3


LOC  OBJECT CODE     LINE SOURCE TEXT
  VALUE

                      00001 ;****************************************** http://www.x-robotics.com *******
                      00002 ; PROGRAMA : LCD.LIB
                      00003 ; Funcion : Libreria de funciones para controlar un display 
                      00004 ;           LCD de 2x16 lineas complatible con Hitachi.
                      00005 ;           
                      00006 ;  Revision : 1.0                            Programa para : PIC16F84
                      00007 ; CPU Clock : 4 MHz                      Reloj instruccion : 1 us
                      00008 ;       WDT : Deshabilitado                  Tipo de reloj : XT  
                      00009 ; Code Prot : OFF            
                      00010 ;****************************************** http://www.x-robotics.com *******
                      00011                                 
                      00012                               
Warning[207]: Found label after column 1. (LCD_E)
003C   1505           00013  LCD_E          BSF     RA,2            ;Activa señal E
003D   0000           00014                 NOP                     ;Espera 1uS
003E   1105           00015                 BCF     RA,2            ;Desactiva señal E
003F   0008           00016                 RETURN        
                      00017                               
Warning[207]: Found label after column 1. (LCD_BUSY)
0040   1485           00018  LCD_BUSY       BSF     RA,1            ;Pone el LCD en modo lectura
0041   1683           00019                 BSF     STATUS,5        ;Selecciona el Banco 1
0042   30FF           00020                 MOVLW   0xFF  
Message[302]: Register in operand not in bank 0.  Ensure that bank bits are correct.
0043   0086           00021                 MOVWF   TRISB           ;Puerta B act£a de entrada
0044   1283           00022                 BCF     STATUS,5        ;Selecciona el Banco 0
0045   1505           00023                 BSF     RA,2            ;Activa el LCD (Señal E)
0046   0000           00024                 NOP           
Warning[207]: Found label after column 1. (L_BUSY)
0047   1B86           00025  L_BUSY         BTFSC   RB,7            ;Chequea el bit BUSY
0048   2847           00026                 GOTO    L_BUSY          ;Est  a "1" (Ocupado)
0049   1105           00027                 BCF     RA,2            ;Desactiva el LCD (Se¤al E)
004A   1683           00028                 BSF     STATUS,5        ;Selecciona el Banco 1
Message[302]: Register in operand not in bank 0.  Ensure that bank bits are correct.
004B   0186           00029                 CLRF    TRISB           ;Puerta B actua como salida
004C   1283           00030                 BCF     STATUS,5        ;Selecciona el Banco 0
004D   1085           00031                 BCF     RA,1            ;Pone el LCD en modo escritura
004E   0008           00032                 RETURN        
                      00033                               
Warning[207]: Found label after column 1. (LCD_REG)
004F   1005           00034  LCD_REG        BCF     RA,0            ;Desactiva RS (Modo instruccion)
0050   0086           00035                 MOVWF   RB              ;Saca el codigo de instruccion
0051   2040           00036                 CALL    LCD_BUSY        ;Espera a que se libere el LCD
0052   283C           00037                 GOTO    LCD_E           ;Genera pulso en señal E
                      00038                               
Warning[207]: Found label after column 1. (LCD_DATOS)
0053   1005           00039  LCD_DATOS      BCF     RA,0            ;Desactiva RS (Modo instrucci¢n)
0054   0086           00040                 MOVWF   RB              ;Valor ASCII a sacar por RB
0055   2040           00041                 CALL    LCD_BUSY        ;Espera a que se libere el LCD
0056   1405           00042                 BSF     RA,0            ;Activa RS (Modo dato)  
0057   283C           00043                 GOTO    LCD_E           ;Genera pulso en señal E
                      00044                               
Warning[207]: Found label after column 1. (LCD_INI)
0058   3038           00045  LCD_INI        MOVLW   b'00111000'
MPASM  5.33                           LCD.ASM   11-5-2009  7:05:03         PAGE  4


LOC  OBJECT CODE     LINE SOURCE TEXT
  VALUE

0059   204F           00046                 CALL    LCD_REG         ;Codigo de instruccion
005A   2069           00047                 CALL    DELAY_5MS       ;Temporiza 5 mS.
005B   3038           00048                 MOVLW   b'00111000'
005C   204F           00049                 CALL    LCD_REG         ;Codigo de instruccion
005D   2069           00050                 CALL    DELAY_5MS       ;Temporiza 5 mS.
005E   3038           00051                 MOVLW   b'00111000'
005F   204F           00052                 CALL    LCD_REG         ;Codigo de instruccion
0060   2069           00053                 CALL    DELAY_5MS       ;Temporiza 5 mS.
0061   0008           00054                 RETURN            
                      00055                               
Warning[207]: Found label after column 1. (LCD_PORT)
0062   1683           00056  LCD_PORT       BSF     STATUS,5        ;Selecciona el banco 1 de datos
Message[302]: Register in operand not in bank 0.  Ensure that bank bits are correct.
0063   0186           00057                 CLRF    TRISB           ;RB se programa como salida
0064   3018           00058                 MOVLW   b'00011000'     ;RA<4:3> se programan como entradas
Message[302]: Register in operand not in bank 0.  Ensure that bank bits are correct.
0065   0085           00059                 MOVWF   TRISA           ;RA<2:0> se programan como salidas
0066   1283           00060                 BCF     STATUS,5        ;Selecciona el banco 0 de datos
                      00061                                         
                      00062                ;MOVLW   b'00000000'      
                      00063                ;MOVWF   INTCON          ;Desactiva interrupciones
0067   1005           00064                 BCF     RA,0            ;Desactiva RS del modulo LCD
0068   1105           00065                 BCF     RA,2            ;Desactiva E del modulo LCD
                      00066          
                      00067 ;****************************************************************************                           
                                                                
                      00068 ;DELAY_5MS genera una temporizacion de 5mS necesario para la secuencia de
                      00069 ;inicio del LCD                         
                      00070                                         
0069   301A           00071 DELAY_5MS       movlw   0x1a                   
006A   008E           00072                 movwf   DATO_B                 
006B   018D           00073                 clrf    DATO_A                  
006C   0B8D           00074 DELAY_1         decfsz  DATO_A,1              
006D   286C           00075                 goto    DELAY_1                 
006E   0B8E           00076                 decfsz  DATO_B,1              
006F   286C           00077                 goto    DELAY_1                 
0070   0008           00078                 return
                      00079                 
                      00096 
                      00097         END
MPASM  5.33                           LCD.ASM   11-5-2009  7:05:03         PAGE  5


SYMBOL TABLE
  LABEL                             VALUE 

C                                 00000000
DATO_1                            0000001A
DATO_A                            0000000D
DATO_B                            0000000E
DC                                00000001
DELAY_1                           0000006C
DELAY_5MS                         00000069
Digito                            0000000C
EEADR                             00000009
EECON1                            00000088
EECON2                            00000089
EEDATA                            00000008
EEIE                              00000006
EEIF                              00000004
F                                 00000001
FSR                               00000004
GIE                               00000007
INDF                              00000000
INICIO                            00000000
INTCON                            0000000B
INTE                              00000004
INTEDG                            00000006
INTF                              00000001
IRP                               00000007
LCD_BUSY                          00000040
LCD_DATOS                         00000053
LCD_E                             0000003C
LCD_INI                           00000058
LCD_PORT                          00000062
LCD_REG                           0000004F
L_BUSY                            00000047
NOT_PD                            00000003
NOT_RBPU                          00000007
NOT_TO                            00000004
OPTION_REG                        00000081
PCL                               00000002
PCLATH                            0000000A
PDel0                             0000000F
PDel1                             00000010
PDel2                             00000011
PDelL1                            00000039
PDelL2                            0000003A
PDelay                            0000002C
PLoop0                            0000002E
PLoop1                            00000030
PLoop2                            00000032
PORTA                             00000005
PORTB                             00000006
PS0                               00000000
PS1                               00000001
PS2                               00000002
PSA                               00000003
RA                                00000005
MPASM  5.33                           LCD.ASM   11-5-2009  7:05:03         PAGE  6


SYMBOL TABLE
  LABEL                             VALUE 

RB                                00000006
RBIE                              00000003
RBIF                              00000000
RD                                00000000
REPETIR                           0000000D
RP0                               00000005
RP1                               00000006
START                             00000004
STATUS                            00000003
T0CS                              00000005
T0IE                              00000005
T0IF                              00000002
T0SE                              00000004
TMR0                              00000001
TRISA                             00000085
TRISB                             00000086
W                                 00000000
WR                                00000001
WREN                              00000002
WRERR                             00000003
Z                                 00000002
_CP_OFF                           00003FFF
_CP_ON                            0000000F
_HS_OSC                           00003FFE
_LP_OSC                           00003FFC
_PWRTE_OFF                        00003FFF
_PWRTE_ON                         00003FF7
_RC_OSC                           00003FFF
_WDT_OFF                          00003FFB
_WDT_ON                           00003FFF
_XT_OSC                           00003FFD
__16F84A                          00000001
__DEBUG                           1
acabar                            00000015


MEMORY USAGE MAP ('X' = Used,  '-' = Unused)

0000 : XXXXXXXXXXXXXXXX XXXXXXXXXXXXXXXX XXXXXXXXXXXXXXXX XXXXXXXXXXXXXXXX
0040 : XXXXXXXXXXXXXXXX XXXXXXXXXXXXXXXX XXXXXXXXXXXXXXXX X---------------

All other memory blocks unused.

Program Memory Words Used:   113
Program Memory Words Free:   911


Errors   :     0
Warnings :    15 reported,     0 suppressed
Messages :     4 reported,     0 suppressed

