Warning[205] E:\JORGE\PROG_PICS\RELOJXYACO TINCUSI\RELOJ-PIC.ASM 8 : Found directive in column 1. (list)
Warning[205] E:\JORGE\PROG_PICS\RELOJXYACO TINCUSI\RELOJ-PIC.ASM 9 : Found directive in column 1. (include)
Warning[205] E:\JORGE\PROG_PICS\RELOJXYACO TINCUSI\RELOJ-PIC.ASM 10 : Found directive in column 1. (cblock)
Warning[205] E:\JORGE\PROG_PICS\RELOJXYACO TINCUSI\RELOJ-PIC.ASM 35 : Found directive in column 1. (ENDC)
Warning[205] E:\JORGE\PROG_PICS\RELOJXYACO TINCUSI\RELOJ-PIC.ASM 36 : Found directive in column 1. (org)
Warning[203] E:\JORGE\PROG_PICS\RELOJXYACO TINCUSI\RELOJ-PIC.ASM 37 : Found opcode in column 1. (goto)
Warning[205] E:\JORGE\PROG_PICS\RELOJXYACO TINCUSI\RELOJ-PIC.ASM 38 : Found directive in column 1. (org)
Warning[203] E:\JORGE\PROG_PICS\RELOJXYACO TINCUSI\RELOJ-PIC.ASM 39 : Found opcode in column 1. (goto)
Warning[203] E:\JORGE\PROG_PICS\RELOJXYACO TINCUSI\RELOJ-PIC.ASM 42 : Found opcode in column 1. (bsf)
Warning[203] E:\JORGE\PROG_PICS\RELOJXYACO TINCUSI\RELOJ-PIC.ASM 43 : Found opcode in column 1. (movlw)
Warning[203] E:\JORGE\PROG_PICS\RELOJXYACO TINCUSI\RELOJ-PIC.ASM 44 : Found opcode in column 1. (movwf)
Warning[203] E:\JORGE\PROG_PICS\RELOJXYACO TINCUSI\RELOJ-PIC.ASM 45 : Found opcode in column 1. (movlw)
Warning[203] E:\JORGE\PROG_PICS\RELOJXYACO TINCUSI\RELOJ-PIC.ASM 46 : Found opcode in column 1. (movwf)
Warning[203] E:\JORGE\PROG_PICS\RELOJXYACO TINCUSI\RELOJ-PIC.ASM 47 : Found opcode in column 1. (movlw)
Warning[203] E:\JORGE\PROG_PICS\RELOJXYACO TINCUSI\RELOJ-PIC.ASM 48 : Found opcode in column 1. (movwf)
Warning[203] E:\JORGE\PROG_PICS\RELOJXYACO TINCUSI\RELOJ-PIC.ASM 49 : Found opcode in column 1. (movlw)
Warning[203] E:\JORGE\PROG_PICS\RELOJXYACO TINCUSI\RELOJ-PIC.ASM 50 : Found opcode in column 1. (movwf)
Message[302] E:\JORGE\PROG_PICS\RELOJXYACO TINCUSI\RELOJ-PIC.ASM 50 : Register in operand not in bank 0.  Ensure that bank bits are correct.
Warning[203] E:\JORGE\PROG_PICS\RELOJXYACO TINCUSI\RELOJ-PIC.ASM 51 : Found opcode in column 1. (bcf)
Warning[203] E:\JORGE\PROG_PICS\RELOJXYACO TINCUSI\RELOJ-PIC.ASM 52 : Found opcode in column 1. (clrf)
Warning[203] E:\JORGE\PROG_PICS\RELOJXYACO TINCUSI\RELOJ-PIC.ASM 53 : Found opcode in column 1. (clrf)
Warning[203] E:\JORGE\PROG_PICS\RELOJXYACO TINCUSI\RELOJ-PIC.ASM 54 : Found opcode in column 1. (clrf)
Warning[203] E:\JORGE\PROG_PICS\RELOJXYACO TINCUSI\RELOJ-PIC.ASM 55 : Found opcode in column 1. (clrf)
Warning[203] E:\JORGE\PROG_PICS\RELOJXYACO TINCUSI\RELOJ-PIC.ASM 56 : Found opcode in column 1. (clrf)
Warning[203] E:\JORGE\PROG_PICS\RELOJXYACO TINCUSI\RELOJ-PIC.ASM 57 : Found opcode in column 1. (clrf)
Warning[203] E:\JORGE\PROG_PICS\RELOJXYACO TINCUSI\RELOJ-PIC.ASM 58 : Found opcode in column 1. (clrf)
Warning[203] E:\JORGE\PROG_PICS\RELOJXYACO TINCUSI\RELOJ-PIC.ASM 59 : Found opcode in column 1. (clrf)
Warning[203] E:\JORGE\PROG_PICS\RELOJXYACO TINCUSI\RELOJ-PIC.ASM 60 : Found opcode in column 1. (clrf)
Warning[203] E:\JORGE\PROG_PICS\RELOJXYACO TINCUSI\RELOJ-PIC.ASM 61 : Found opcode in column 1. (clrf)
Warning[203] E:\JORGE\PROG_PICS\RELOJXYACO TINCUSI\RELOJ-PIC.ASM 62 : Found opcode in column 1. (clrf)
Warning[203] E:\JORGE\PROG_PICS\RELOJXYACO TINCUSI\RELOJ-PIC.ASM 63 : Found opcode in column 1. (clrf)
Warning[203] E:\JORGE\PROG_PICS\RELOJXYACO TINCUSI\RELOJ-PIC.ASM 64 : Found opcode in column 1. (clrf)
Warning[203] E:\JORGE\PROG_PICS\RELOJXYACO TINCUSI\RELOJ-PIC.ASM 65 : Found opcode in column 1. (clrf)
Warning[203] E:\JORGE\PROG_PICS\RELOJXYACO TINCUSI\RELOJ-PIC.ASM 66 : Found opcode in column 1. (clrf)
Warning[203] E:\JORGE\PROG_PICS\RELOJXYACO TINCUSI\RELOJ-PIC.ASM 67 : Found opcode in column 1. (movlw)
Warning[203] E:\JORGE\PROG_PICS\RELOJXYACO TINCUSI\RELOJ-PIC.ASM 68 : Found opcode in column 1. (movwf)
Warning[203] E:\JORGE\PROG_PICS\RELOJXYACO TINCUSI\RELOJ-PIC.ASM 70 : Found opcode in column 1. (clrf)
Warning[203] E:\JORGE\PROG_PICS\RELOJXYACO TINCUSI\RELOJ-PIC.ASM 71 : Found opcode in column 1. (clrf)
Warning[203] E:\JORGE\PROG_PICS\RELOJXYACO TINCUSI\RELOJ-PIC.ASM 72 : Found opcode in column 1. (clrf)
Warning[203] E:\JORGE\PROG_PICS\RELOJXYACO TINCUSI\RELOJ-PIC.ASM 73 : Found opcode in column 1. (clrf)
Warning[203] E:\JORGE\PROG_PICS\RELOJXYACO TINCUSI\RELOJ-PIC.ASM 74 : Found opcode in column 1. (clrf)
Warning[203] E:\JORGE\PROG_PICS\RELOJXYACO TINCUSI\RELOJ-PIC.ASM 75 : Found opcode in column 1. (clrf)
Warning[203] E:\JORGE\PROG_PICS\RELOJXYACO TINCUSI\RELOJ-PIC.ASM 76 : Found opcode in column 1. (clrf)
Warning[203] E:\JORGE\PROG_PICS\RELOJXYACO TINCUSI\RELOJ-PIC.ASM 77 : Found opcode in column 1. (movlw)
Warning[203] E:\JORGE\PROG_PICS\RELOJXYACO TINCUSI\RELOJ-PIC.ASM 78 : Found opcode in column 1. (movwf)
Warning[203] E:\JORGE\PROG_PICS\RELOJXYACO TINCUSI\RELOJ-PIC.ASM 79 : Found opcode in column 1. (clrf)
Warning[203] E:\JORGE\PROG_PICS\RELOJXYACO TINCUSI\RELOJ-PIC.ASM 80 : Found opcode in column 1. (call)
Warning[203] E:\JORGE\PROG_PICS\RELOJXYACO TINCUSI\RELOJ-PIC.ASM 84 : Found opcode in column 1. (incf)
Message[305] E:\JORGE\PROG_PICS\RELOJXYACO TINCUSI\RELOJ-PIC.ASM 84 : Using default destination of 1 (file).
Warning[204] E:\JORGE\PROG_PICS\RELOJXYACO TINCUSI\RELOJ-PIC.ASM 85 : Found pseudo-op in column 1. (movfw)
Warning[203] E:\JORGE\PROG_PICS\RELOJXYACO TINCUSI\RELOJ-PIC.ASM 86 : Found opcode in column 1. (sublw)
Warning[203] E:\JORGE\PROG_PICS\RELOJXYACO TINCUSI\RELOJ-PIC.ASM 87 : Found opcode in column 1. (btfsc)
Warning[203] E:\JORGE\PROG_PICS\RELOJXYACO TINCUSI\RELOJ-PIC.ASM 88 : Found opcode in column 1. (call)
Warning[204] E:\JORGE\PROG_PICS\RELOJXYACO TINCUSI\RELOJ-PIC.ASM 89 : Found pseudo-op in column 1. (movfw)
Warning[203] E:\JORGE\PROG_PICS\RELOJXYACO TINCUSI\RELOJ-PIC.ASM 90 : Found opcode in column 1. (movwf)
Warning[203] E:\JORGE\PROG_PICS\RELOJXYACO TINCUSI\RELOJ-PIC.ASM 91 : Found opcode in column 1. (call)
Warning[203] E:\JORGE\PROG_PICS\RELOJXYACO TINCUSI\RELOJ-PIC.ASM 95 : Found opcode in column 1. (clrf)
Warning[203] E:\JORGE\PROG_PICS\RELOJXYACO TINCUSI\RELOJ-PIC.ASM 96 : Found opcode in column 1. (clrf)
Warning[203] E:\JORGE\PROG_PICS\RELOJXYACO TINCUSI\RELOJ-PIC.ASM 97 : Found opcode in column 1. (incf)
Message[305] E:\JORGE\PROG_PICS\RELOJXYACO TINCUSI\RELOJ-PIC.ASM 97 : Using default destination of 1 (file).
Warning[204] E:\JORGE\PROG_PICS\RELOJXYACO TINCUSI\RELOJ-PIC.ASM 98 : Found pseudo-op in column 1. (movfw)
Warning[203] E:\JORGE\PROG_PICS\RELOJXYACO TINCUSI\RELOJ-PIC.ASM 99 : Found opcode in column 1. (sublw)
Warning[203] E:\JORGE\PROG_PICS\RELOJXYACO TINCUSI\RELOJ-PIC.ASM 100 : Found opcode in column 1. (btfsc)
Warning[203] E:\JORGE\PROG_PICS\RELOJXYACO TINCUSI\RELOJ-PIC.ASM 101 : Found opcode in column 1. (call)
Warning[204] E:\JORGE\PROG_PICS\RELOJXYACO TINCUSI\RELOJ-PIC.ASM 102 : Found pseudo-op in column 1. (movfw)
Warning[203] E:\JORGE\PROG_PICS\RELOJXYACO TINCUSI\RELOJ-PIC.ASM 103 : Found opcode in column 1. (movwf)
Warning[203] E:\JORGE\PROG_PICS\RELOJXYACO TINCUSI\RELOJ-PIC.ASM 104 : Found opcode in column 1. (call)
Warning[203] E:\JORGE\PROG_PICS\RELOJXYACO TINCUSI\RELOJ-PIC.ASM 108 : Found opcode in column 1. (clrf)
Warning[203] E:\JORGE\PROG_PICS\RELOJXYACO TINCUSI\RELOJ-PIC.ASM 109 : Found opcode in column 1. (clrf)
Warning[203] E:\JORGE\PROG_PICS\RELOJXYACO TINCUSI\RELOJ-PIC.ASM 110 : Found opcode in column 1. (incf)
Message[305] E:\JORGE\PROG_PICS\RELOJXYACO TINCUSI\RELOJ-PIC.ASM 110 : Using default destination of 1 (file).
Warning[203] E:\JORGE\PROG_PICS\RELOJXYACO TINCUSI\RELOJ-PIC.ASM 111 : Found opcode in column 1. (movf)
Warning[203] E:\JORGE\PROG_PICS\RELOJXYACO TINCUSI\RELOJ-PIC.ASM 112 : Found opcode in column 1. (sublw)
Warning[203] E:\JORGE\PROG_PICS\RELOJXYACO TINCUSI\RELOJ-PIC.ASM 113 : Found opcode in column 1. (btfsc)
Warning[203] E:\JORGE\PROG_PICS\RELOJXYACO TINCUSI\RELOJ-PIC.ASM 114 : Found opcode in column 1. (call)
Warning[203] E:\JORGE\PROG_PICS\RELOJXYACO TINCUSI\RELOJ-PIC.ASM 115 : Found opcode in column 1. (movf)
Warning[203] E:\JORGE\PROG_PICS\RELOJXYACO TINCUSI\RELOJ-PIC.ASM 116 : Found opcode in column 1. (movwf)
Warning[204] E:\JORGE\PROG_PICS\RELOJXYACO TINCUSI\RELOJ-PIC.ASM 118 : Found pseudo-op in column 1. (movfw)
Warning[203] E:\JORGE\PROG_PICS\RELOJXYACO TINCUSI\RELOJ-PIC.ASM 119 : Found opcode in column 1. (subwf)
Warning[203] E:\JORGE\PROG_PICS\RELOJXYACO TINCUSI\RELOJ-PIC.ASM 120 : Found opcode in column 1. (btfsc)
Warning[203] E:\JORGE\PROG_PICS\RELOJXYACO TINCUSI\RELOJ-PIC.ASM 121 : Found opcode in column 1. (call)
Warning[203] E:\JORGE\PROG_PICS\RELOJXYACO TINCUSI\RELOJ-PIC.ASM 123 : Found opcode in column 1. (call)
Warning[203] E:\JORGE\PROG_PICS\RELOJXYACO TINCUSI\RELOJ-PIC.ASM 127 : Found opcode in column 1. (clrf)
Warning[203] E:\JORGE\PROG_PICS\RELOJXYACO TINCUSI\RELOJ-PIC.ASM 128 : Found opcode in column 1. (clrf)
Warning[203] E:\JORGE\PROG_PICS\RELOJXYACO TINCUSI\RELOJ-PIC.ASM 129 : Found opcode in column 1. (incf)
Message[305] E:\JORGE\PROG_PICS\RELOJXYACO TINCUSI\RELOJ-PIC.ASM 129 : Using default destination of 1 (file).
Warning[203] E:\JORGE\PROG_PICS\RELOJXYACO TINCUSI\RELOJ-PIC.ASM 130 : Found opcode in column 1. (movf)
Warning[203] E:\JORGE\PROG_PICS\RELOJXYACO TINCUSI\RELOJ-PIC.ASM 131 : Found opcode in column 1. (sublw)
Warning[203] E:\JORGE\PROG_PICS\RELOJXYACO TINCUSI\RELOJ-PIC.ASM 132 : Found opcode in column 1. (btfsc)
Warning[203] E:\JORGE\PROG_PICS\RELOJXYACO TINCUSI\RELOJ-PIC.ASM 133 : Found opcode in column 1. (call)
Warning[203] E:\JORGE\PROG_PICS\RELOJXYACO TINCUSI\RELOJ-PIC.ASM 134 : Found opcode in column 1. (movf)
Warning[203] E:\JORGE\PROG_PICS\RELOJXYACO TINCUSI\RELOJ-PIC.ASM 135 : Found opcode in column 1. (movwf)
Warning[204] E:\JORGE\PROG_PICS\RELOJXYACO TINCUSI\RELOJ-PIC.ASM 137 : Found pseudo-op in column 1. (movfw)
Warning[203] E:\JORGE\PROG_PICS\RELOJXYACO TINCUSI\RELOJ-PIC.ASM 138 : Found opcode in column 1. (subwf)
Warning[203] E:\JORGE\PROG_PICS\RELOJXYACO TINCUSI\RELOJ-PIC.ASM 139 : Found opcode in column 1. (btfsc)
Warning[203] E:\JORGE\PROG_PICS\RELOJXYACO TINCUSI\RELOJ-PIC.ASM 140 : Found opcode in column 1. (call)
Warning[203] E:\JORGE\PROG_PICS\RELOJXYACO TINCUSI\RELOJ-PIC.ASM 142 : Found opcode in column 1. (call)
Warning[203] E:\JORGE\PROG_PICS\RELOJXYACO TINCUSI\RELOJ-PIC.ASM 146 : Found opcode in column 1. (clrf)
Warning[203] E:\JORGE\PROG_PICS\RELOJXYACO TINCUSI\RELOJ-PIC.ASM 147 : Found opcode in column 1. (clrf)
Warning[203] E:\JORGE\PROG_PICS\RELOJXYACO TINCUSI\RELOJ-PIC.ASM 149 : Found opcode in column 1. (incf)
Message[305] E:\JORGE\PROG_PICS\RELOJXYACO TINCUSI\RELOJ-PIC.ASM 149 : Using default destination of 1 (file).
Warning[203] E:\JORGE\PROG_PICS\RELOJXYACO TINCUSI\RELOJ-PIC.ASM 150 : Found opcode in column 1. (movf)
Warning[203] E:\JORGE\PROG_PICS\RELOJXYACO TINCUSI\RELOJ-PIC.ASM 151 : Found opcode in column 1. (sublw)
Warning[203] E:\JORGE\PROG_PICS\RELOJXYACO TINCUSI\RELOJ-PIC.ASM 152 : Found opcode in column 1. (btfsc)
Warning[203] E:\JORGE\PROG_PICS\RELOJXYACO TINCUSI\RELOJ-PIC.ASM 153 : Found opcode in column 1. (call)
Warning[203] E:\JORGE\PROG_PICS\RELOJXYACO TINCUSI\RELOJ-PIC.ASM 154 : Found opcode in column 1. (movf)
Warning[203] E:\JORGE\PROG_PICS\RELOJXYACO TINCUSI\RELOJ-PIC.ASM 155 : Found opcode in column 1. (movwf)
Warning[204] E:\JORGE\PROG_PICS\RELOJXYACO TINCUSI\RELOJ-PIC.ASM 156 : Found pseudo-op in column 1. (movfw)
Warning[203] E:\JORGE\PROG_PICS\RELOJXYACO TINCUSI\RELOJ-PIC.ASM 157 : Found opcode in column 1. (sublw)
Warning[203] E:\JORGE\PROG_PICS\RELOJXYACO TINCUSI\RELOJ-PIC.ASM 158 : Found opcode in column 1. (btfss)
Warning[203] E:\JORGE\PROG_PICS\RELOJXYACO TINCUSI\RELOJ-PIC.ASM 159 : Found opcode in column 1. (call)
Warning[203] E:\JORGE\PROG_PICS\RELOJXYACO TINCUSI\RELOJ-PIC.ASM 160 : Found opcode in column 1. (incf)
Warning[204] E:\JORGE\PROG_PICS\RELOJXYACO TINCUSI\RELOJ-PIC.ASM 161 : Found pseudo-op in column 1. (movfw)
Warning[203] E:\JORGE\PROG_PICS\RELOJXYACO TINCUSI\RELOJ-PIC.ASM 162 : Found opcode in column 1. (sublw)
Warning[203] E:\JORGE\PROG_PICS\RELOJXYACO TINCUSI\RELOJ-PIC.ASM 163 : Found opcode in column 1. (btfss)
Warning[203] E:\JORGE\PROG_PICS\RELOJXYACO TINCUSI\RELOJ-PIC.ASM 164 : Found opcode in column 1. (call)
Warning[203] E:\JORGE\PROG_PICS\RELOJXYACO TINCUSI\RELOJ-PIC.ASM 165 : Found opcode in column 1. (clrf)
Warning[203] E:\JORGE\PROG_PICS\RELOJXYACO TINCUSI\RELOJ-PIC.ASM 166 : Found opcode in column 1. (clrf)
Warning[203] E:\JORGE\PROG_PICS\RELOJXYACO TINCUSI\RELOJ-PIC.ASM 167 : Found opcode in column 1. (clrf)
Warning[203] E:\JORGE\PROG_PICS\RELOJXYACO TINCUSI\RELOJ-PIC.ASM 168 : Found opcode in column 1. (clrf)
Warning[203] E:\JORGE\PROG_PICS\RELOJXYACO TINCUSI\RELOJ-PIC.ASM 169 : Found opcode in column 1. (clrf)
Warning[203] E:\JORGE\PROG_PICS\RELOJXYACO TINCUSI\RELOJ-PIC.ASM 170 : Found opcode in column 1. (call)
Warning[203] E:\JORGE\PROG_PICS\RELOJXYACO TINCUSI\RELOJ-PIC.ASM 174 : Found opcode in column 1. (clrf)
Warning[203] E:\JORGE\PROG_PICS\RELOJXYACO TINCUSI\RELOJ-PIC.ASM 175 : Found opcode in column 1. (clrf)
Warning[203] E:\JORGE\PROG_PICS\RELOJXYACO TINCUSI\RELOJ-PIC.ASM 176 : Found opcode in column 1. (incf)
Message[305] E:\JORGE\PROG_PICS\RELOJXYACO TINCUSI\RELOJ-PIC.ASM 176 : Using default destination of 1 (file).
Warning[203] E:\JORGE\PROG_PICS\RELOJXYACO TINCUSI\RELOJ-PIC.ASM 177 : Found opcode in column 1. (movf)
Warning[203] E:\JORGE\PROG_PICS\RELOJXYACO TINCUSI\RELOJ-PIC.ASM 178 : Found opcode in column 1. (sublw)
Warning[203] E:\JORGE\PROG_PICS\RELOJXYACO TINCUSI\RELOJ-PIC.ASM 179 : Found opcode in column 1. (btfsc)
Warning[203] E:\JORGE\PROG_PICS\RELOJXYACO TINCUSI\RELOJ-PIC.ASM 180 : Found opcode in column 1. (clrf)
Warning[203] E:\JORGE\PROG_PICS\RELOJXYACO TINCUSI\RELOJ-PIC.ASM 181 : Found opcode in column 1. (movf)
Warning[203] E:\JORGE\PROG_PICS\RELOJXYACO TINCUSI\RELOJ-PIC.ASM 182 : Found opcode in column 1. (movwf)
Warning[203] E:\JORGE\PROG_PICS\RELOJXYACO TINCUSI\RELOJ-PIC.ASM 183 : Found opcode in column 1. (call)
Warning[204] E:\JORGE\PROG_PICS\RELOJXYACO TINCUSI\RELOJ-PIC.ASM 186 : Found pseudo-op in column 1. (movfw)
Warning[203] E:\JORGE\PROG_PICS\RELOJXYACO TINCUSI\RELOJ-PIC.ASM 187 : Found opcode in column 1. (bcf)
Warning[203] E:\JORGE\PROG_PICS\RELOJXYACO TINCUSI\RELOJ-PIC.ASM 188 : Found opcode in column 1. (bcf)
Warning[203] E:\JORGE\PROG_PICS\RELOJXYACO TINCUSI\RELOJ-PIC.ASM 189 : Found opcode in column 1. (bcf)
Warning[203] E:\JORGE\PROG_PICS\RELOJXYACO TINCUSI\RELOJ-PIC.ASM 190 : Found opcode in column 1. (movwf)
Warning[203] E:\JORGE\PROG_PICS\RELOJXYACO TINCUSI\RELOJ-PIC.ASM 191 : Found opcode in column 1. (bsf)
Warning[204] E:\JORGE\PROG_PICS\RELOJXYACO TINCUSI\RELOJ-PIC.ASM 192 : Found pseudo-op in column 1. (movfw)
Warning[203] E:\JORGE\PROG_PICS\RELOJXYACO TINCUSI\RELOJ-PIC.ASM 193 : Found opcode in column 1. (bcf)
Warning[203] E:\JORGE\PROG_PICS\RELOJXYACO TINCUSI\RELOJ-PIC.ASM 194 : Found opcode in column 1. (movwf)
Warning[203] E:\JORGE\PROG_PICS\RELOJXYACO TINCUSI\RELOJ-PIC.ASM 195 : Found opcode in column 1. (bsf)
Warning[204] E:\JORGE\PROG_PICS\RELOJXYACO TINCUSI\RELOJ-PIC.ASM 196 : Found pseudo-op in column 1. (movfw)
Warning[203] E:\JORGE\PROG_PICS\RELOJXYACO TINCUSI\RELOJ-PIC.ASM 197 : Found opcode in column 1. (bcf)
Warning[203] E:\JORGE\PROG_PICS\RELOJXYACO TINCUSI\RELOJ-PIC.ASM 198 : Found opcode in column 1. (movwf)
Warning[203] E:\JORGE\PROG_PICS\RELOJXYACO TINCUSI\RELOJ-PIC.ASM 199 : Found opcode in column 1. (bsf)
Warning[204] E:\JORGE\PROG_PICS\RELOJXYACO TINCUSI\RELOJ-PIC.ASM 200 : Found pseudo-op in column 1. (movfw)
Warning[203] E:\JORGE\PROG_PICS\RELOJXYACO TINCUSI\RELOJ-PIC.ASM 201 : Found opcode in column 1. (bcf)
Warning[203] E:\JORGE\PROG_PICS\RELOJXYACO TINCUSI\RELOJ-PIC.ASM 202 : Found opcode in column 1. (movwf)
Warning[203] E:\JORGE\PROG_PICS\RELOJXYACO TINCUSI\RELOJ-PIC.ASM 203 : Found opcode in column 1. (bsf)
Warning[203] E:\JORGE\PROG_PICS\RELOJXYACO TINCUSI\RELOJ-PIC.ASM 204 : Found opcode in column 1. (btfsc)
Warning[203] E:\JORGE\PROG_PICS\RELOJXYACO TINCUSI\RELOJ-PIC.ASM 205 : Found opcode in column 1. (goto)
Warning[204] E:\JORGE\PROG_PICS\RELOJXYACO TINCUSI\RELOJ-PIC.ASM 206 : Found pseudo-op in column 1. (movfw)
Warning[203] E:\JORGE\PROG_PICS\RELOJXYACO TINCUSI\RELOJ-PIC.ASM 207 : Found opcode in column 1. (sublw)
Warning[203] E:\JORGE\PROG_PICS\RELOJXYACO TINCUSI\RELOJ-PIC.ASM 208 : Found opcode in column 1. (btfsc)
Warning[203] E:\JORGE\PROG_PICS\RELOJXYACO TINCUSI\RELOJ-PIC.ASM 209 : Found opcode in column 1. (goto)
Warning[203] E:\JORGE\PROG_PICS\RELOJXYACO TINCUSI\RELOJ-PIC.ASM 210 : Found opcode in column 1. (goto)
Warning[203] E:\JORGE\PROG_PICS\RELOJXYACO TINCUSI\RELOJ-PIC.ASM 213 : Found opcode in column 1. (bsf)
Warning[203] E:\JORGE\PROG_PICS\RELOJXYACO TINCUSI\RELOJ-PIC.ASM 214 : Found opcode in column 1. (bcf)
Warning[203] E:\JORGE\PROG_PICS\RELOJXYACO TINCUSI\RELOJ-PIC.ASM 215 : Found opcode in column 1. (movlw)
Warning[203] E:\JORGE\PROG_PICS\RELOJXYACO TINCUSI\RELOJ-PIC.ASM 216 : Found opcode in column 1. (movwf)
Warning[203] E:\JORGE\PROG_PICS\RELOJXYACO TINCUSI\RELOJ-PIC.ASM 217 : Found opcode in column 1. (incf)
Message[305] E:\JORGE\PROG_PICS\RELOJXYACO TINCUSI\RELOJ-PIC.ASM 217 : Using default destination of 1 (file).
Warning[204] E:\JORGE\PROG_PICS\RELOJXYACO TINCUSI\RELOJ-PIC.ASM 218 : Found pseudo-op in column 1. (movfw)
Warning[203] E:\JORGE\PROG_PICS\RELOJXYACO TINCUSI\RELOJ-PIC.ASM 219 : Found opcode in column 1. (sublw)
Warning[203] E:\JORGE\PROG_PICS\RELOJXYACO TINCUSI\RELOJ-PIC.ASM 220 : Found opcode in column 1. (btfss)
Warning[203] E:\JORGE\PROG_PICS\RELOJXYACO TINCUSI\RELOJ-PIC.ASM 221 : Found opcode in column 1. (call)
Warning[203] E:\JORGE\PROG_PICS\RELOJXYACO TINCUSI\RELOJ-PIC.ASM 222 : Found opcode in column 1. (clrf)
Warning[203] E:\JORGE\PROG_PICS\RELOJXYACO TINCUSI\RELOJ-PIC.ASM 223 : Found opcode in column 1. (call)
Warning[203] E:\JORGE\PROG_PICS\RELOJXYACO TINCUSI\RELOJ-PIC.ASM 227 : Found opcode in column 1. (bcf)
Warning[203] E:\JORGE\PROG_PICS\RELOJXYACO TINCUSI\RELOJ-PIC.ASM 228 : Found opcode in column 1. (btfsc)
Warning[203] E:\JORGE\PROG_PICS\RELOJXYACO TINCUSI\RELOJ-PIC.ASM 229 : Found opcode in column 1. (call)
Warning[203] E:\JORGE\PROG_PICS\RELOJXYACO TINCUSI\RELOJ-PIC.ASM 231 : Found opcode in column 1. (bsf)
Warning[203] E:\JORGE\PROG_PICS\RELOJXYACO TINCUSI\RELOJ-PIC.ASM 232 : Found opcode in column 1. (bcf)
Warning[203] E:\JORGE\PROG_PICS\RELOJXYACO TINCUSI\RELOJ-PIC.ASM 233 : Found opcode in column 1. (movlw)
Warning[203] E:\JORGE\PROG_PICS\RELOJXYACO TINCUSI\RELOJ-PIC.ASM 234 : Found opcode in column 1. (movwf)
Warning[203] E:\JORGE\PROG_PICS\RELOJXYACO TINCUSI\RELOJ-PIC.ASM 235 : Found opcode in column 1. (clrf)
Warning[203] E:\JORGE\PROG_PICS\RELOJXYACO TINCUSI\RELOJ-PIC.ASM 236 : Found opcode in column 1. (clrf)
Warning[203] E:\JORGE\PROG_PICS\RELOJXYACO TINCUSI\RELOJ-PIC.ASM 237 : Found opcode in column 1. (clrf)
Warning[203] E:\JORGE\PROG_PICS\RELOJXYACO TINCUSI\RELOJ-PIC.ASM 238 : Found opcode in column 1. (clrf)
Warning[203] E:\JORGE\PROG_PICS\RELOJXYACO TINCUSI\RELOJ-PIC.ASM 239 : Found opcode in column 1. (goto)
Warning[203] E:\JORGE\PROG_PICS\RELOJXYACO TINCUSI\RELOJ-PIC.ASM 242 : Found opcode in column 1. (movlw)
Warning[203] E:\JORGE\PROG_PICS\RELOJXYACO TINCUSI\RELOJ-PIC.ASM 243 : Found opcode in column 1. (movwf)
Warning[203] E:\JORGE\PROG_PICS\RELOJXYACO TINCUSI\RELOJ-PIC.ASM 244 : Found opcode in column 1. (btfsc)
Warning[203] E:\JORGE\PROG_PICS\RELOJXYACO TINCUSI\RELOJ-PIC.ASM 245 : Found opcode in column 1. (goto)
Warning[203] E:\JORGE\PROG_PICS\RELOJXYACO TINCUSI\RELOJ-PIC.ASM 246 : Found opcode in column 1. (call)
Warning[203] E:\JORGE\PROG_PICS\RELOJXYACO TINCUSI\RELOJ-PIC.ASM 247 : Found opcode in column 1. (btfsc)
Warning[203] E:\JORGE\PROG_PICS\RELOJXYACO TINCUSI\RELOJ-PIC.ASM 248 : Found opcode in column 1. (goto)
Warning[203] E:\JORGE\PROG_PICS\RELOJXYACO TINCUSI\RELOJ-PIC.ASM 249 : Found opcode in column 1. (incf)
Message[305] E:\JORGE\PROG_PICS\RELOJXYACO TINCUSI\RELOJ-PIC.ASM 249 : Using default destination of 1 (file).
Warning[203] E:\JORGE\PROG_PICS\RELOJXYACO TINCUSI\RELOJ-PIC.ASM 252 : Found opcode in column 1. (btfss)
Warning[203] E:\JORGE\PROG_PICS\RELOJXYACO TINCUSI\RELOJ-PIC.ASM 253 : Found opcode in column 1. (goto)
Warning[203] E:\JORGE\PROG_PICS\RELOJXYACO TINCUSI\RELOJ-PIC.ASM 254 : Found opcode in column 1. (call)
Warning[203] E:\JORGE\PROG_PICS\RELOJXYACO TINCUSI\RELOJ-PIC.ASM 255 : Found opcode in column 1. (btfss)
Warning[203] E:\JORGE\PROG_PICS\RELOJXYACO TINCUSI\RELOJ-PIC.ASM 256 : Found opcode in column 1. (goto)
Warning[203] E:\JORGE\PROG_PICS\RELOJXYACO TINCUSI\RELOJ-PIC.ASM 258 : Found opcode in column 1. (movlw)
Warning[203] E:\JORGE\PROG_PICS\RELOJXYACO TINCUSI\RELOJ-PIC.ASM 259 : Found opcode in column 1. (movwf)
Warning[204] E:\JORGE\PROG_PICS\RELOJXYACO TINCUSI\RELOJ-PIC.ASM 260 : Found pseudo-op in column 1. (movfw)
Warning[203] E:\JORGE\PROG_PICS\RELOJXYACO TINCUSI\RELOJ-PIC.ASM 261 : Found opcode in column 1. (sublw)
Warning[203] E:\JORGE\PROG_PICS\RELOJXYACO TINCUSI\RELOJ-PIC.ASM 262 : Found opcode in column 1. (btfsc)
Warning[203] E:\JORGE\PROG_PICS\RELOJXYACO TINCUSI\RELOJ-PIC.ASM 263 : Found opcode in column 1. (call)
Warning[204] E:\JORGE\PROG_PICS\RELOJXYACO TINCUSI\RELOJ-PIC.ASM 264 : Found pseudo-op in column 1. (movfw)
Warning[203] E:\JORGE\PROG_PICS\RELOJXYACO TINCUSI\RELOJ-PIC.ASM 265 : Found opcode in column 1. (sublw)
Warning[203] E:\JORGE\PROG_PICS\RELOJXYACO TINCUSI\RELOJ-PIC.ASM 266 : Found opcode in column 1. (btfsc)
Warning[203] E:\JORGE\PROG_PICS\RELOJXYACO TINCUSI\RELOJ-PIC.ASM 267 : Found opcode in column 1. (goto)
Warning[204] E:\JORGE\PROG_PICS\RELOJXYACO TINCUSI\RELOJ-PIC.ASM 268 : Found pseudo-op in column 1. (movfw)
Warning[203] E:\JORGE\PROG_PICS\RELOJXYACO TINCUSI\RELOJ-PIC.ASM 269 : Found opcode in column 1. (sublw)
Warning[203] E:\JORGE\PROG_PICS\RELOJXYACO TINCUSI\RELOJ-PIC.ASM 270 : Found opcode in column 1. (btfsc)
Warning[203] E:\JORGE\PROG_PICS\RELOJXYACO TINCUSI\RELOJ-PIC.ASM 271 : Found opcode in column 1. (goto)
Warning[204] E:\JORGE\PROG_PICS\RELOJXYACO TINCUSI\RELOJ-PIC.ASM 272 : Found pseudo-op in column 1. (movfw)
Warning[203] E:\JORGE\PROG_PICS\RELOJXYACO TINCUSI\RELOJ-PIC.ASM 273 : Found opcode in column 1. (sublw)
Warning[203] E:\JORGE\PROG_PICS\RELOJXYACO TINCUSI\RELOJ-PIC.ASM 274 : Found opcode in column 1. (btfsc)
Warning[203] E:\JORGE\PROG_PICS\RELOJXYACO TINCUSI\RELOJ-PIC.ASM 275 : Found opcode in column 1. (goto)
Warning[204] E:\JORGE\PROG_PICS\RELOJXYACO TINCUSI\RELOJ-PIC.ASM 276 : Found pseudo-op in column 1. (movfw)
Warning[203] E:\JORGE\PROG_PICS\RELOJXYACO TINCUSI\RELOJ-PIC.ASM 277 : Found opcode in column 1. (sublw)
Warning[203] E:\JORGE\PROG_PICS\RELOJXYACO TINCUSI\RELOJ-PIC.ASM 278 : Found opcode in column 1. (btfsc)
Warning[203] E:\JORGE\PROG_PICS\RELOJXYACO TINCUSI\RELOJ-PIC.ASM 279 : Found opcode in column 1. (goto)
Warning[204] E:\JORGE\PROG_PICS\RELOJXYACO TINCUSI\RELOJ-PIC.ASM 280 : Found pseudo-op in column 1. (movfw)
Warning[203] E:\JORGE\PROG_PICS\RELOJXYACO TINCUSI\RELOJ-PIC.ASM 281 : Found opcode in column 1. (sublw)
Warning[203] E:\JORGE\PROG_PICS\RELOJXYACO TINCUSI\RELOJ-PIC.ASM 282 : Found opcode in column 1. (btfsc)
Warning[203] E:\JORGE\PROG_PICS\RELOJXYACO TINCUSI\RELOJ-PIC.ASM 283 : Found opcode in column 1. (goto)
Warning[203] E:\JORGE\PROG_PICS\RELOJXYACO TINCUSI\RELOJ-PIC.ASM 286 : Found opcode in column 1. (movlw)
Warning[203] E:\JORGE\PROG_PICS\RELOJXYACO TINCUSI\RELOJ-PIC.ASM 287 : Found opcode in column 1. (movwf)
Warning[203] E:\JORGE\PROG_PICS\RELOJXYACO TINCUSI\RELOJ-PIC.ASM 288 : Found opcode in column 1. (return)
Warning[204] E:\JORGE\PROG_PICS\RELOJXYACO TINCUSI\RELOJ-PIC.ASM 290 : Found pseudo-op in column 1. (movfw)
Warning[203] E:\JORGE\PROG_PICS\RELOJXYACO TINCUSI\RELOJ-PIC.ASM 291 : Found opcode in column 1. (sublw)
Warning[203] E:\JORGE\PROG_PICS\RELOJXYACO TINCUSI\RELOJ-PIC.ASM 292 : Found opcode in column 1. (btfss)
Warning[203] E:\JORGE\PROG_PICS\RELOJXYACO TINCUSI\RELOJ-PIC.ASM 293 : Found opcode in column 1. (goto)
Warning[203] E:\JORGE\PROG_PICS\RELOJXYACO TINCUSI\RELOJ-PIC.ASM 294 : Found opcode in column 1. (goto)
Warning[203] E:\JORGE\PROG_PICS\RELOJXYACO TINCUSI\RELOJ-PIC.ASM 297 : Found opcode in column 1. (btfsc)
Warning[203] E:\JORGE\PROG_PICS\RELOJXYACO TINCUSI\RELOJ-PIC.ASM 298 : Found opcode in column 1. (goto)
Warning[203] E:\JORGE\PROG_PICS\RELOJXYACO TINCUSI\RELOJ-PIC.ASM 299 : Found opcode in column 1. (call)
Warning[203] E:\JORGE\PROG_PICS\RELOJXYACO TINCUSI\RELOJ-PIC.ASM 300 : Found opcode in column 1. (btfsc)
Warning[203] E:\JORGE\PROG_PICS\RELOJXYACO TINCUSI\RELOJ-PIC.ASM 301 : Found opcode in column 1. (goto)
Warning[203] E:\JORGE\PROG_PICS\RELOJXYACO TINCUSI\RELOJ-PIC.ASM 303 : Found opcode in column 1. (btfss)
Warning[203] E:\JORGE\PROG_PICS\RELOJXYACO TINCUSI\RELOJ-PIC.ASM 304 : Found opcode in column 1. (goto)
Warning[203] E:\JORGE\PROG_PICS\RELOJXYACO TINCUSI\RELOJ-PIC.ASM 305 : Found opcode in column 1. (goto)
Warning[203] E:\JORGE\PROG_PICS\RELOJXYACO TINCUSI\RELOJ-PIC.ASM 308 : Found opcode in column 1. (btfsc)
Warning[203] E:\JORGE\PROG_PICS\RELOJXYACO TINCUSI\RELOJ-PIC.ASM 309 : Found opcode in column 1. (goto)
Warning[203] E:\JORGE\PROG_PICS\RELOJXYACO TINCUSI\RELOJ-PIC.ASM 310 : Found opcode in column 1. (call)
Warning[203] E:\JORGE\PROG_PICS\RELOJXYACO TINCUSI\RELOJ-PIC.ASM 311 : Found opcode in column 1. (btfsc)
Warning[203] E:\JORGE\PROG_PICS\RELOJXYACO TINCUSI\RELOJ-PIC.ASM 312 : Found opcode in column 1. (goto)
Warning[203] E:\JORGE\PROG_PICS\RELOJXYACO TINCUSI\RELOJ-PIC.ASM 314 : Found opcode in column 1. (btfss)
Warning[203] E:\JORGE\PROG_PICS\RELOJXYACO TINCUSI\RELOJ-PIC.ASM 315 : Found opcode in column 1. (goto)
Warning[203] E:\JORGE\PROG_PICS\RELOJXYACO TINCUSI\RELOJ-PIC.ASM 316 : Found opcode in column 1. (goto)
Warning[204] E:\JORGE\PROG_PICS\RELOJXYACO TINCUSI\RELOJ-PIC.ASM 319 : Found pseudo-op in column 1. (movfw)
Warning[203] E:\JORGE\PROG_PICS\RELOJXYACO TINCUSI\RELOJ-PIC.ASM 320 : Found opcode in column 1. (bcf)
Warning[203] E:\JORGE\PROG_PICS\RELOJXYACO TINCUSI\RELOJ-PIC.ASM 321 : Found opcode in column 1. (bcf)
Warning[203] E:\JORGE\PROG_PICS\RELOJXYACO TINCUSI\RELOJ-PIC.ASM 322 : Found opcode in column 1. (bcf)
Warning[203] E:\JORGE\PROG_PICS\RELOJXYACO TINCUSI\RELOJ-PIC.ASM 323 : Found opcode in column 1. (movwf)
Warning[203] E:\JORGE\PROG_PICS\RELOJXYACO TINCUSI\RELOJ-PIC.ASM 324 : Found opcode in column 1. (bsf)
Warning[204] E:\JORGE\PROG_PICS\RELOJXYACO TINCUSI\RELOJ-PIC.ASM 325 : Found pseudo-op in column 1. (movfw)
Warning[203] E:\JORGE\PROG_PICS\RELOJXYACO TINCUSI\RELOJ-PIC.ASM 326 : Found opcode in column 1. (bcf)
Warning[203] E:\JORGE\PROG_PICS\RELOJXYACO TINCUSI\RELOJ-PIC.ASM 327 : Found opcode in column 1. (movwf)
Warning[203] E:\JORGE\PROG_PICS\RELOJXYACO TINCUSI\RELOJ-PIC.ASM 328 : Found opcode in column 1. (bsf)
Warning[204] E:\JORGE\PROG_PICS\RELOJXYACO TINCUSI\RELOJ-PIC.ASM 329 : Found pseudo-op in column 1. (movfw)
Warning[203] E:\JORGE\PROG_PICS\RELOJXYACO TINCUSI\RELOJ-PIC.ASM 330 : Found opcode in column 1. (bcf)
Warning[203] E:\JORGE\PROG_PICS\RELOJXYACO TINCUSI\RELOJ-PIC.ASM 331 : Found opcode in column 1. (movwf)
Warning[203] E:\JORGE\PROG_PICS\RELOJXYACO TINCUSI\RELOJ-PIC.ASM 332 : Found opcode in column 1. (bsf)
Warning[204] E:\JORGE\PROG_PICS\RELOJXYACO TINCUSI\RELOJ-PIC.ASM 333 : Found pseudo-op in column 1. (movfw)
Warning[203] E:\JORGE\PROG_PICS\RELOJXYACO TINCUSI\RELOJ-PIC.ASM 334 : Found opcode in column 1. (bcf)
Warning[203] E:\JORGE\PROG_PICS\RELOJXYACO TINCUSI\RELOJ-PIC.ASM 335 : Found opcode in column 1. (movwf)
Warning[203] E:\JORGE\PROG_PICS\RELOJXYACO TINCUSI\RELOJ-PIC.ASM 336 : Found opcode in column 1. (bsf)
Warning[203] E:\JORGE\PROG_PICS\RELOJXYACO TINCUSI\RELOJ-PIC.ASM 337 : Found opcode in column 1. (btfsc)
Warning[203] E:\JORGE\PROG_PICS\RELOJXYACO TINCUSI\RELOJ-PIC.ASM 338 : Found opcode in column 1. (goto)
Warning[204] E:\JORGE\PROG_PICS\RELOJXYACO TINCUSI\RELOJ-PIC.ASM 339 : Found pseudo-op in column 1. (movfw)
Warning[203] E:\JORGE\PROG_PICS\RELOJXYACO TINCUSI\RELOJ-PIC.ASM 340 : Found opcode in column 1. (sublw)
Warning[203] E:\JORGE\PROG_PICS\RELOJXYACO TINCUSI\RELOJ-PIC.ASM 341 : Found opcode in column 1. (btfsc)
Warning[203] E:\JORGE\PROG_PICS\RELOJXYACO TINCUSI\RELOJ-PIC.ASM 342 : Found opcode in column 1. (goto)
Warning[203] E:\JORGE\PROG_PICS\RELOJXYACO TINCUSI\RELOJ-PIC.ASM 343 : Found opcode in column 1. (goto)
Warning[203] E:\JORGE\PROG_PICS\RELOJXYACO TINCUSI\RELOJ-PIC.ASM 347 : Found opcode in column 1. (incf)
Message[305] E:\JORGE\PROG_PICS\RELOJXYACO TINCUSI\RELOJ-PIC.ASM 347 : Using default destination of 1 (file).
Warning[203] E:\JORGE\PROG_PICS\RELOJXYACO TINCUSI\RELOJ-PIC.ASM 348 : Found opcode in column 1. (movf)
Warning[203] E:\JORGE\PROG_PICS\RELOJXYACO TINCUSI\RELOJ-PIC.ASM 349 : Found opcode in column 1. (sublw)
Warning[203] E:\JORGE\PROG_PICS\RELOJXYACO TINCUSI\RELOJ-PIC.ASM 350 : Found opcode in column 1. (btfsc)
Warning[203] E:\JORGE\PROG_PICS\RELOJXYACO TINCUSI\RELOJ-PIC.ASM 351 : Found opcode in column 1. (call)
Warning[203] E:\JORGE\PROG_PICS\RELOJXYACO TINCUSI\RELOJ-PIC.ASM 352 : Found opcode in column 1. (call)
Warning[203] E:\JORGE\PROG_PICS\RELOJXYACO TINCUSI\RELOJ-PIC.ASM 356 : Found opcode in column 1. (clrf)
Warning[203] E:\JORGE\PROG_PICS\RELOJXYACO TINCUSI\RELOJ-PIC.ASM 357 : Found opcode in column 1. (incf)
Message[305] E:\JORGE\PROG_PICS\RELOJXYACO TINCUSI\RELOJ-PIC.ASM 357 : Using default destination of 1 (file).
Warning[203] E:\JORGE\PROG_PICS\RELOJXYACO TINCUSI\RELOJ-PIC.ASM 358 : Found opcode in column 1. (movf)
Warning[203] E:\JORGE\PROG_PICS\RELOJXYACO TINCUSI\RELOJ-PIC.ASM 359 : Found opcode in column 1. (sublw)
Warning[203] E:\JORGE\PROG_PICS\RELOJXYACO TINCUSI\RELOJ-PIC.ASM 360 : Found opcode in column 1. (btfsc)
Warning[203] E:\JORGE\PROG_PICS\RELOJXYACO TINCUSI\RELOJ-PIC.ASM 361 : Found opcode in column 1. (call)
Warning[203] E:\JORGE\PROG_PICS\RELOJXYACO TINCUSI\RELOJ-PIC.ASM 362 : Found opcode in column 1. (call)
Warning[203] E:\JORGE\PROG_PICS\RELOJXYACO TINCUSI\RELOJ-PIC.ASM 366 : Found opcode in column 1. (clrf)
Warning[203] E:\JORGE\PROG_PICS\RELOJXYACO TINCUSI\RELOJ-PIC.ASM 368 : Found opcode in column 1. (incf)
Message[305] E:\JORGE\PROG_PICS\RELOJXYACO TINCUSI\RELOJ-PIC.ASM 368 : Using default destination of 1 (file).
Warning[203] E:\JORGE\PROG_PICS\RELOJXYACO TINCUSI\RELOJ-PIC.ASM 369 : Found opcode in column 1. (movf)
Warning[203] E:\JORGE\PROG_PICS\RELOJXYACO TINCUSI\RELOJ-PIC.ASM 370 : Found opcode in column 1. (sublw)
Warning[203] E:\JORGE\PROG_PICS\RELOJXYACO TINCUSI\RELOJ-PIC.ASM 371 : Found opcode in column 1. (btfsc)
Warning[203] E:\JORGE\PROG_PICS\RELOJXYACO TINCUSI\RELOJ-PIC.ASM 372 : Found opcode in column 1. (call)
Warning[204] E:\JORGE\PROG_PICS\RELOJXYACO TINCUSI\RELOJ-PIC.ASM 373 : Found pseudo-op in column 1. (movfw)
Warning[203] E:\JORGE\PROG_PICS\RELOJXYACO TINCUSI\RELOJ-PIC.ASM 374 : Found opcode in column 1. (sublw)
Warning[203] E:\JORGE\PROG_PICS\RELOJXYACO TINCUSI\RELOJ-PIC.ASM 375 : Found opcode in column 1. (btfss)
Warning[203] E:\JORGE\PROG_PICS\RELOJXYACO TINCUSI\RELOJ-PIC.ASM 376 : Found opcode in column 1. (call)
Warning[203] E:\JORGE\PROG_PICS\RELOJXYACO TINCUSI\RELOJ-PIC.ASM 377 : Found opcode in column 1. (incf)
Warning[204] E:\JORGE\PROG_PICS\RELOJXYACO TINCUSI\RELOJ-PIC.ASM 378 : Found pseudo-op in column 1. (movfw)
Warning[203] E:\JORGE\PROG_PICS\RELOJXYACO TINCUSI\RELOJ-PIC.ASM 379 : Found opcode in column 1. (sublw)
Warning[203] E:\JORGE\PROG_PICS\RELOJXYACO TINCUSI\RELOJ-PIC.ASM 380 : Found opcode in column 1. (btfss)
Warning[203] E:\JORGE\PROG_PICS\RELOJXYACO TINCUSI\RELOJ-PIC.ASM 381 : Found opcode in column 1. (call)
Warning[203] E:\JORGE\PROG_PICS\RELOJXYACO TINCUSI\RELOJ-PIC.ASM 382 : Found opcode in column 1. (clrf)
Warning[203] E:\JORGE\PROG_PICS\RELOJXYACO TINCUSI\RELOJ-PIC.ASM 383 : Found opcode in column 1. (clrf)
Warning[203] E:\JORGE\PROG_PICS\RELOJXYACO TINCUSI\RELOJ-PIC.ASM 384 : Found opcode in column 1. (clrf)
Warning[203] E:\JORGE\PROG_PICS\RELOJXYACO TINCUSI\RELOJ-PIC.ASM 385 : Found opcode in column 1. (call)
Warning[203] E:\JORGE\PROG_PICS\RELOJXYACO TINCUSI\RELOJ-PIC.ASM 389 : Found opcode in column 1. (clrf)
Warning[203] E:\JORGE\PROG_PICS\RELOJXYACO TINCUSI\RELOJ-PIC.ASM 390 : Found opcode in column 1. (incf)
Message[305] E:\JORGE\PROG_PICS\RELOJXYACO TINCUSI\RELOJ-PIC.ASM 390 : Using default destination of 1 (file).
Warning[203] E:\JORGE\PROG_PICS\RELOJXYACO TINCUSI\RELOJ-PIC.ASM 391 : Found opcode in column 1. (movf)
Warning[203] E:\JORGE\PROG_PICS\RELOJXYACO TINCUSI\RELOJ-PIC.ASM 392 : Found opcode in column 1. (sublw)
Warning[203] E:\JORGE\PROG_PICS\RELOJXYACO TINCUSI\RELOJ-PIC.ASM 393 : Found opcode in column 1. (btfsc)
Warning[203] E:\JORGE\PROG_PICS\RELOJXYACO TINCUSI\RELOJ-PIC.ASM 394 : Found opcode in column 1. (clrf)
Warning[203] E:\JORGE\PROG_PICS\RELOJXYACO TINCUSI\RELOJ-PIC.ASM 395 : Found opcode in column 1. (call)
Warning[203] E:\JORGE\PROG_PICS\RELOJXYACO TINCUSI\RELOJ-PIC.ASM 398 : Found opcode in column 1. (btfsc)
Warning[203] E:\JORGE\PROG_PICS\RELOJXYACO TINCUSI\RELOJ-PIC.ASM 399 : Found opcode in column 1. (goto)
Warning[203] E:\JORGE\PROG_PICS\RELOJXYACO TINCUSI\RELOJ-PIC.ASM 400 : Found opcode in column 1. (call)
Warning[203] E:\JORGE\PROG_PICS\RELOJXYACO TINCUSI\RELOJ-PIC.ASM 401 : Found opcode in column 1. (btfsc)
Warning[203] E:\JORGE\PROG_PICS\RELOJXYACO TINCUSI\RELOJ-PIC.ASM 402 : Found opcode in column 1. (goto)
Warning[203] E:\JORGE\PROG_PICS\RELOJXYACO TINCUSI\RELOJ-PIC.ASM 404 : Found opcode in column 1. (btfss)
Warning[203] E:\JORGE\PROG_PICS\RELOJXYACO TINCUSI\RELOJ-PIC.ASM 405 : Found opcode in column 1. (goto)
Warning[203] E:\JORGE\PROG_PICS\RELOJXYACO TINCUSI\RELOJ-PIC.ASM 406 : Found opcode in column 1. (goto)
Warning[203] E:\JORGE\PROG_PICS\RELOJXYACO TINCUSI\RELOJ-PIC.ASM 409 : Found opcode in column 1. (btfsc)
Warning[203] E:\JORGE\PROG_PICS\RELOJXYACO TINCUSI\RELOJ-PIC.ASM 410 : Found opcode in column 1. (goto)
Warning[203] E:\JORGE\PROG_PICS\RELOJXYACO TINCUSI\RELOJ-PIC.ASM 411 : Found opcode in column 1. (call)
Warning[203] E:\JORGE\PROG_PICS\RELOJXYACO TINCUSI\RELOJ-PIC.ASM 412 : Found opcode in column 1. (btfsc)
Warning[203] E:\JORGE\PROG_PICS\RELOJXYACO TINCUSI\RELOJ-PIC.ASM 413 : Found opcode in column 1. (goto)
Warning[203] E:\JORGE\PROG_PICS\RELOJXYACO TINCUSI\RELOJ-PIC.ASM 415 : Found opcode in column 1. (btfss)
Warning[203] E:\JORGE\PROG_PICS\RELOJXYACO TINCUSI\RELOJ-PIC.ASM 416 : Found opcode in column 1. (goto)
Warning[203] E:\JORGE\PROG_PICS\RELOJXYACO TINCUSI\RELOJ-PIC.ASM 417 : Found opcode in column 1. (goto)
Warning[204] E:\JORGE\PROG_PICS\RELOJXYACO TINCUSI\RELOJ-PIC.ASM 420 : Found pseudo-op in column 1. (movfw)
Warning[203] E:\JORGE\PROG_PICS\RELOJXYACO TINCUSI\RELOJ-PIC.ASM 421 : Found opcode in column 1. (subwf)
Warning[203] E:\JORGE\PROG_PICS\RELOJXYACO TINCUSI\RELOJ-PIC.ASM 422 : Found opcode in column 1. (btfss)
Warning[203] E:\JORGE\PROG_PICS\RELOJXYACO TINCUSI\RELOJ-PIC.ASM 423 : Found opcode in column 1. (return)
Warning[204] E:\JORGE\PROG_PICS\RELOJXYACO TINCUSI\RELOJ-PIC.ASM 424 : Found pseudo-op in column 1. (movfw)
Warning[203] E:\JORGE\PROG_PICS\RELOJXYACO TINCUSI\RELOJ-PIC.ASM 425 : Found opcode in column 1. (subwf)
Warning[203] E:\JORGE\PROG_PICS\RELOJXYACO TINCUSI\RELOJ-PIC.ASM 426 : Found opcode in column 1. (btfss)
Warning[203] E:\JORGE\PROG_PICS\RELOJXYACO TINCUSI\RELOJ-PIC.ASM 427 : Found opcode in column 1. (return)
Warning[204] E:\JORGE\PROG_PICS\RELOJXYACO TINCUSI\RELOJ-PIC.ASM 428 : Found pseudo-op in column 1. (movfw)
Warning[203] E:\JORGE\PROG_PICS\RELOJXYACO TINCUSI\RELOJ-PIC.ASM 429 : Found opcode in column 1. (subwf)
Warning[203] E:\JORGE\PROG_PICS\RELOJXYACO TINCUSI\RELOJ-PIC.ASM 430 : Found opcode in column 1. (btfss)
Warning[203] E:\JORGE\PROG_PICS\RELOJXYACO TINCUSI\RELOJ-PIC.ASM 431 : Found opcode in column 1. (return)
Warning[203] E:\JORGE\PROG_PICS\RELOJXYACO TINCUSI\RELOJ-PIC.ASM 432 : Found opcode in column 1. (bcf)
Warning[203] E:\JORGE\PROG_PICS\RELOJXYACO TINCUSI\RELOJ-PIC.ASM 433 : Found opcode in column 1. (bsf)
Warning[203] E:\JORGE\PROG_PICS\RELOJXYACO TINCUSI\RELOJ-PIC.ASM 434 : Found opcode in column 1. (call)
Warning[203] E:\JORGE\PROG_PICS\RELOJXYACO TINCUSI\RELOJ-PIC.ASM 435 : Found opcode in column 1. (call)
Warning[203] E:\JORGE\PROG_PICS\RELOJXYACO TINCUSI\RELOJ-PIC.ASM 436 : Found opcode in column 1. (bcf)
Warning[203] E:\JORGE\PROG_PICS\RELOJXYACO TINCUSI\RELOJ-PIC.ASM 437 : Found opcode in column 1. (call)
Warning[203] E:\JORGE\PROG_PICS\RELOJXYACO TINCUSI\RELOJ-PIC.ASM 438 : Found opcode in column 1. (bsf)
Warning[203] E:\JORGE\PROG_PICS\RELOJXYACO TINCUSI\RELOJ-PIC.ASM 439 : Found opcode in column 1. (call)
Warning[203] E:\JORGE\PROG_PICS\RELOJXYACO TINCUSI\RELOJ-PIC.ASM 440 : Found opcode in column 1. (call)
Warning[203] E:\JORGE\PROG_PICS\RELOJXYACO TINCUSI\RELOJ-PIC.ASM 441 : Found opcode in column 1. (bcf)
Warning[203] E:\JORGE\PROG_PICS\RELOJXYACO TINCUSI\RELOJ-PIC.ASM 442 : Found opcode in column 1. (call)
Warning[203] E:\JORGE\PROG_PICS\RELOJXYACO TINCUSI\RELOJ-PIC.ASM 443 : Found opcode in column 1. (bsf)
Warning[203] E:\JORGE\PROG_PICS\RELOJXYACO TINCUSI\RELOJ-PIC.ASM 444 : Found opcode in column 1. (call)
Warning[203] E:\JORGE\PROG_PICS\RELOJXYACO TINCUSI\RELOJ-PIC.ASM 445 : Found opcode in column 1. (call)
Warning[203] E:\JORGE\PROG_PICS\RELOJXYACO TINCUSI\RELOJ-PIC.ASM 446 : Found opcode in column 1. (bcf)
Warning[203] E:\JORGE\PROG_PICS\RELOJXYACO TINCUSI\RELOJ-PIC.ASM 447 : Found opcode in column 1. (bsf)
Warning[203] E:\JORGE\PROG_PICS\RELOJXYACO TINCUSI\RELOJ-PIC.ASM 448 : Found opcode in column 1. (movlw)
Warning[203] E:\JORGE\PROG_PICS\RELOJXYACO TINCUSI\RELOJ-PIC.ASM 449 : Found opcode in column 1. (movwf)
Warning[203] E:\JORGE\PROG_PICS\RELOJXYACO TINCUSI\RELOJ-PIC.ASM 450 : Found opcode in column 1. (goto)
Warning[205] E:\JORGE\PROG_PICS\RELOJXYACO TINCUSI\RELOJ-PIC.ASM 452 : Found directive in column 1. (include)
Warning[205] E:\JORGE\PROG_PICS\RELOJXYACO TINCUSI\RELOJ-PIC.ASM 453 : Found directive in column 1. (END)
