MPASM  5.33                   INT_TIMER_0.ASM   12-18-2009  19:44:07         PAGE  1


LOC  OBJECT CODE     LINE SOURCE TEXT
  VALUE

                      00001 
                      00002         LIST    P=16F84A
                      00003         INCLUDE "P16F84A.INC"
                      00001         LIST
                      00002 ; P16F84A.INC  Standard Header File, Version 2.00    Microchip Technology, Inc.
                      00134         LIST
                      00004 
                      00005 ;--------CONFIGURACION DE PUERTOS--------
                      00006 
0000                  00007                 ORG             0X00
0000   280C           00008                 GOTO    INICIO
0004                  00009                 ORG             0X04                    ;ATIENDO LA INTERRUPCION
0004   1C06           00010                 BTFSS   PORTB,0                 ;SI EL LED ESTA APAGADO 
0005   2809           00011                 GOTO    LED                             ;VOY ALED Y LO ENCIENDO
0006   1006           00012                 BCF             PORTB,0                 ;SINO LO APAGO
0007   110B           00013                 BCF             INTCON ,2       ;LIMPIO LA BANDERA TOIF
0008   0009           00014                 RETFIE                                  ;REGRESO HABILITANDO LA INERRUPCION
                      00015 
0009   1406           00016 LED             BSF             PORTB,0                 ;ENCIENDO EL LED
000A   110B           00017                 BCF             INTCON,2                ;BORRO LA BANDERA TOIF
000B   0009           00018                 RETFIE                                  ;REGRESO HABILITANDO LA INTERRUPCION
                      00019 
000C   1683           00020 INICIO  BSF             STATUS,RP0              ;CONFIGURANDO PUERTOS
Message[302]: Register in operand not in bank 0.  Ensure that bank bits are correct.
000D   0186           00021                 CLRF    TRISB                   ;PUERTO B SALIDA
000E   3007           00022                 MOVLW   0X07                    ;CARGO W CON 00000111
Message[302]: Register in operand not in bank 0.  Ensure that bank bits are correct.
000F   0081           00023                 MOVWF   OPTION_REG              ;EL DIVISOR=256
0010   1283           00024                 BCF             STATUS,RP0              
0011   30A0           00025                 MOVLW   0XA0                    ;CARGO W CON 10100000
0012   008B           00026                 MOVWF   INTCON                  ;HABILITAMOS GIE Y TOIE
0013   0186           00027                 CLRF    PORTB                   ;LIMPIAMOS PORT B
                      00028 
0014   30D8           00029 TIEMPO  MOVLW   0XD8                    ;CARGO W CON 216
0015   0081           00030                 MOVWF   TMR0                    ;LO PASO A TIMER 0
                      00031 
0016   1B81           00032 NADA    BTFSC   TMR0,7                  ;ME QUEDO HACIENDO NADA
0017   2816           00033                 GOTO    NADA                    ;HASTA QUE TMR0 DE DESBORDE , Y ENTONCES
0018   2814           00034                 GOTO    TIEMPO                  ;VOLVERE A CARGAR TMR0
                      00035 
                      00036 ;-------------------------------------------------
                      00037 
                      00038         END
MPASM  5.33                   INT_TIMER_0.ASM   12-18-2009  19:44:07         PAGE  2


SYMBOL TABLE
  LABEL                             VALUE 

C                                 00000000
DC                                00000001
EEADR                             00000009
EECON1                            00000088
EECON2                            00000089
EEDATA                            00000008
EEIE                              00000006
EEIF                              00000004
F                                 00000001
FSR                               00000004
GIE                               00000007
INDF                              00000000
INICIO                            0000000C
INTCON                            0000000B
INTE                              00000004
INTEDG                            00000006
INTF                              00000001
IRP                               00000007
LED                               00000009
NADA                              00000016
NOT_PD                            00000003
NOT_RBPU                          00000007
NOT_TO                            00000004
OPTION_REG                        00000081
PCL                               00000002
PCLATH                            0000000A
PORTA                             00000005
PORTB                             00000006
PS0                               00000000
PS1                               00000001
PS2                               00000002
PSA                               00000003
RBIE                              00000003
RBIF                              00000000
RD                                00000000
RP0                               00000005
RP1                               00000006
STATUS                            00000003
T0CS                              00000005
T0IE                              00000005
T0IF                              00000002
T0SE                              00000004
TIEMPO                            00000014
TMR0                              00000001
TRISA                             00000085
TRISB                             00000086
W                                 00000000
WR                                00000001
WREN                              00000002
WRERR                             00000003
Z                                 00000002
_CP_OFF                           00003FFF
_CP_ON                            0000000F
MPASM  5.33                   INT_TIMER_0.ASM   12-18-2009  19:44:07         PAGE  3


SYMBOL TABLE
  LABEL                             VALUE 

_HS_OSC                           00003FFE
_LP_OSC                           00003FFC
_PWRTE_OFF                        00003FFF
_PWRTE_ON                         00003FF7
_RC_OSC                           00003FFF
_WDT_OFF                          00003FFB
_WDT_ON                           00003FFF
_XT_OSC                           00003FFD
__16F84A                          00000001
__DEBUG                           1


MEMORY USAGE MAP ('X' = Used,  '-' = Unused)

0000 : X---XXXXXXXXXXXX XXXXXXXXX------- ---------------- ----------------

All other memory blocks unused.

Program Memory Words Used:    22
Program Memory Words Free:  1002


Errors   :     0
Warnings :     0 reported,     0 suppressed
Messages :     2 reported,     0 suppressed

