MPASM  5.33                        IN_OUT.ASM   10-18-2009  8:11:46         PAGE  1


LOC  OBJECT CODE     LINE SOURCE TEXT
  VALUE

                      00001 
                      00002 
                      00003         LIST            P=16F84A
                      00004         INCLUDE         "P16F84A.INC"
                      00001         LIST
                      00002 ; P16F84A.INC  Standard Header File, Version 2.00    Microchip Technology, Inc.
                      00134         LIST
                      00005 
                      00006 ;----------INICIALIZACION---------
                      00007 
0000                  00008 RESET   ORG     0X00
0000   2805           00009                 GOTO     INICIO
                      00010                 
0005                  00011                 ORG     0X05
0005   1683           00012 INICIO  BSF             STATUS,RP0                              ;SALTO AL BANCO UNO DE LA RAM
Message[302]: Register in operand not in bank 0.  Ensure that bank bits are correct.
0006   0185           00013                 CLRF    TRISA                                   ;PUERTO A VOMO SALIDA
0007   300F           00014                 MOVLW   0X0F                                    ;DATO PARA LA PROGRAMACOIN DELPORT B
Message[302]: Register in operand not in bank 0.  Ensure that bank bits are correct.
0008   0086           00015                 MOVWF   TRISB                                   ;PARTE ALTA SALIDA Y BAJA COMO ENTRADA
                      00016 
Message[302]: Register in operand not in bank 0.  Ensure that bank bits are correct.
0009   1381           00017                 BCF             OPTION_REG,NOT_RBPU             ;ACTIVO LAS RESISTENCIAS PULL UP
000A   1283           00018                 BCF             STATUS,RP0                              ;REGRRESO AL BANCO 0
                      00019 
000B                  00020 LOOP:
000B   0906           00021                 COMF    PORTB,0                                 ;LEE EL POTB, SE COMPLEMENTA DU VALOR Y 
                            EL RESULTADO SE PASA A W
000C   0085           00022                 MOVWF   PORTA                                   ;SE PASA EWL RESULTADO DE W A PORTA
000D   280B           00023                 GOTO    LOOP                                    ;EJECUTA LA LECTURA DE DATOS INFINITA
                      00024 
                      00025 ;----------SE ACABO----------
                      00026 
                      00027         END
MPASM  5.33                        IN_OUT.ASM   10-18-2009  8:11:46         PAGE  2


SYMBOL TABLE
  LABEL                             VALUE 

C                                 00000000
DC                                00000001
EEADR                             00000009
EECON1                            00000088
EECON2                            00000089
EEDATA                            00000008
EEIE                              00000006
EEIF                              00000004
F                                 00000001
FSR                               00000004
GIE                               00000007
INDF                              00000000
INICIO                            00000005
INTCON                            0000000B
INTE                              00000004
INTEDG                            00000006
INTF                              00000001
IRP                               00000007
LOOP                              0000000B
NOT_PD                            00000003
NOT_RBPU                          00000007
NOT_TO                            00000004
OPTION_REG                        00000081
PCL                               00000002
PCLATH                            0000000A
PORTA                             00000005
PORTB                             00000006
PS0                               00000000
PS1                               00000001
PS2                               00000002
PSA                               00000003
RBIE                              00000003
RBIF                              00000000
RD                                00000000
RESET                             00000000
RP0                               00000005
RP1                               00000006
STATUS                            00000003
T0CS                              00000005
T0IE                              00000005
T0IF                              00000002
T0SE                              00000004
TMR0                              00000001
TRISA                             00000085
TRISB                             00000086
W                                 00000000
WR                                00000001
WREN                              00000002
WRERR                             00000003
Z                                 00000002
_CP_OFF                           00003FFF
_CP_ON                            0000000F
_HS_OSC                           00003FFE
MPASM  5.33                        IN_OUT.ASM   10-18-2009  8:11:46         PAGE  3


SYMBOL TABLE
  LABEL                             VALUE 

_LP_OSC                           00003FFC
_PWRTE_OFF                        00003FFF
_PWRTE_ON                         00003FF7
_RC_OSC                           00003FFF
_WDT_OFF                          00003FFB
_WDT_ON                           00003FFF
_XT_OSC                           00003FFD
__16F84A                          00000001
__DEBUG                           1


MEMORY USAGE MAP ('X' = Used,  '-' = Unused)

0000 : X----XXXXXXXXX-- ---------------- ---------------- ----------------

All other memory blocks unused.

Program Memory Words Used:    10
Program Memory Words Free:  1014


Errors   :     0
Warnings :     0 reported,     0 suppressed
Messages :     3 reported,     0 suppressed

